{"C:\\Users\\Gonza\\Desktop\\Programacion\\Curso Udemy React y TypeScript\\rest_api_node_server\\src\\routes.ts": {"path":"C:\\Users\\Gonza\\Desktop\\Programacion\\Curso Udemy React y TypeScript\\rest_api_node_server\\src\\routes.ts","statementMap":{"0":{"start":{"line":1,"column":0},"end":{"line":1,"column":30}},"1":{"start":{"line":2,"column":0},"end":{"line":2,"column":110}},"2":{"start":{"line":3,"column":0},"end":{"line":3,"column":47}},"3":{"start":{"line":4,"column":0},"end":{"line":4,"column":48}},"4":{"start":{"line":6,"column":15},"end":{"line":6,"column":23}},"5":{"start":{"line":9,"column":0},"end":{"line":9,"column":null}},"6":{"start":{"line":10,"column":0},"end":{"line":15,"column":null}},"7":{"start":{"line":17,"column":0},"end":{"line":29,"column":null}},"8":{"start":{"line":25,"column":25},"end":{"line":25,"column":34}},"9":{"start":{"line":31,"column":0},"end":{"line":48,"column":null}},"10":{"start":{"line":42,"column":21},"end":{"line":42,"column":30}},"11":{"start":{"line":51,"column":0},"end":{"line":57,"column":null}},"12":{"start":{"line":59,"column":0},"end":{"line":59,"column":22}}},"fnMap":{"0":{"name":"(anonymous_0)","decl":{"start":{"line":25,"column":16},"end":{"line":25,"column":21}},"loc":{"start":{"line":25,"column":25},"end":{"line":25,"column":34}}},"1":{"name":"(anonymous_1)","decl":{"start":{"line":42,"column":12},"end":{"line":42,"column":17}},"loc":{"start":{"line":42,"column":21},"end":{"line":42,"column":30}}}},"branchMap":{},"s":{"0":1,"1":1,"2":1,"3":1,"4":1,"5":1,"6":1,"7":1,"8":4,"9":1,"10":6,"11":1,"12":1},"f":{"0":4,"1":6},"b":{}}
,"C:\\Users\\Gonza\\Desktop\\Programacion\\Curso Udemy React y TypeScript\\rest_api_node_server\\src\\server.ts": {"path":"C:\\Users\\Gonza\\Desktop\\Programacion\\Curso Udemy React y TypeScript\\rest_api_node_server\\src\\server.ts","statementMap":{"0":{"start":{"line":1,"column":0},"end":{"line":1,"column":29}},"1":{"start":{"line":3,"column":0},"end":{"line":3,"column":29}},"2":{"start":{"line":4,"column":0},"end":{"line":4,"column":29}},"3":{"start":{"line":9,"column":4},"end":{"line":19,"column":5}},"4":{"start":{"line":10,"column":8},"end":{"line":10,"column":null}},"5":{"start":{"line":11,"column":8},"end":{"line":11,"column":null}},"6":{"start":{"line":22,"column":0},"end":{"line":22,"column":null}},"7":{"start":{"line":24,"column":15},"end":{"line":24,"column":24}},"8":{"start":{"line":27,"column":0},"end":{"line":27,"column":null}},"9":{"start":{"line":29,"column":0},"end":{"line":29,"column":null}},"10":{"start":{"line":32,"column":0},"end":{"line":32,"column":null}}},"fnMap":{"0":{"name":"connectDB","decl":{"start":{"line":8,"column":15},"end":{"line":8,"column":24}},"loc":{"start":{"line":8,"column":24},"end":{"line":20,"column":1}}}},"branchMap":{},"s":{"0":1,"1":1,"2":1,"3":1,"4":1,"5":1,"6":1,"7":1,"8":1,"9":1,"10":1},"f":{"0":1},"b":{}}
,"C:\\Users\\Gonza\\Desktop\\Programacion\\Curso Udemy React y TypeScript\\rest_api_node_server\\src\\config\\db.ts": {"path":"C:\\Users\\Gonza\\Desktop\\Programacion\\Curso Udemy React y TypeScript\\rest_api_node_server\\src\\config\\db.ts","statementMap":{"0":{"start":{"line":1,"column":0},"end":{"line":1,"column":49}},"1":{"start":{"line":2,"column":0},"end":{"line":2,"column":27}},"2":{"start":{"line":4,"column":0},"end":{"line":4,"column":null}},"3":{"start":{"line":6,"column":11},"end":{"line":9,"column":2}},"4":{"start":{"line":11,"column":0},"end":{"line":11,"column":18}}},"fnMap":{},"branchMap":{},"s":{"0":1,"1":1,"2":1,"3":1,"4":1},"f":{},"b":{}}
,"C:\\Users\\Gonza\\Desktop\\Programacion\\Curso Udemy React y TypeScript\\rest_api_node_server\\src\\handlers\\product.ts": {"path":"C:\\Users\\Gonza\\Desktop\\Programacion\\Curso Udemy React y TypeScript\\rest_api_node_server\\src\\handlers\\product.ts","statementMap":{"0":{"start":{"line":2,"column":0},"end":{"line":2,"column":46}},"1":{"start":{"line":5,"column":27},"end":{"line":11,"column":1}},"2":{"start":{"line":6,"column":21},"end":{"line":9,"column":6}},"3":{"start":{"line":10,"column":4},"end":{"line":10,"column":null}},"4":{"start":{"line":5,"column":13},"end":{"line":5,"column":27}},"5":{"start":{"line":13,"column":31},"end":{"line":22,"column":1}},"6":{"start":{"line":14,"column":19},"end":{"line":14,"column":29}},"7":{"start":{"line":15,"column":20},"end":{"line":15,"column":46}},"8":{"start":{"line":17,"column":4},"end":{"line":19,"column":5}},"9":{"start":{"line":18,"column":8},"end":{"line":18,"column":null}},"10":{"start":{"line":21,"column":4},"end":{"line":21,"column":null}},"11":{"start":{"line":13,"column":13},"end":{"line":13,"column":31}},"12":{"start":{"line":26,"column":29},"end":{"line":30,"column":1}},"13":{"start":{"line":28,"column":20},"end":{"line":28,"column":50}},"14":{"start":{"line":29,"column":4},"end":{"line":29,"column":null}},"15":{"start":{"line":26,"column":13},"end":{"line":26,"column":29}},"16":{"start":{"line":32,"column":29},"end":{"line":48,"column":1}},"17":{"start":{"line":34,"column":19},"end":{"line":34,"column":29}},"18":{"start":{"line":35,"column":20},"end":{"line":35,"column":46}},"19":{"start":{"line":37,"column":4},"end":{"line":39,"column":5}},"20":{"start":{"line":38,"column":9},"end":{"line":38,"column":null}},"21":{"start":{"line":42,"column":4},"end":{"line":42,"column":null}},"22":{"start":{"line":43,"column":4},"end":{"line":43,"column":null}},"23":{"start":{"line":46,"column":4},"end":{"line":46,"column":null}},"24":{"start":{"line":32,"column":13},"end":{"line":32,"column":29}},"25":{"start":{"line":50,"column":29},"end":{"line":62,"column":1}},"26":{"start":{"line":52,"column":19},"end":{"line":52,"column":29}},"27":{"start":{"line":53,"column":20},"end":{"line":53,"column":46}},"28":{"start":{"line":55,"column":4},"end":{"line":57,"column":5}},"29":{"start":{"line":56,"column":8},"end":{"line":56,"column":null}},"30":{"start":{"line":59,"column":4},"end":{"line":59,"column":null}},"31":{"start":{"line":60,"column":4},"end":{"line":60,"column":null}},"32":{"start":{"line":50,"column":13},"end":{"line":50,"column":29}}},"fnMap":{"0":{"name":"(anonymous_1)","decl":{"start":{"line":5,"column":27},"end":{"line":5,"column":32}},"loc":{"start":{"line":5,"column":64},"end":{"line":11,"column":1}}},"1":{"name":"(anonymous_2)","decl":{"start":{"line":13,"column":31},"end":{"line":13,"column":36}},"loc":{"start":{"line":13,"column":68},"end":{"line":22,"column":1}}},"2":{"name":"(anonymous_3)","decl":{"start":{"line":26,"column":29},"end":{"line":26,"column":34}},"loc":{"start":{"line":26,"column":67},"end":{"line":30,"column":1}}},"3":{"name":"(anonymous_4)","decl":{"start":{"line":32,"column":29},"end":{"line":32,"column":34}},"loc":{"start":{"line":32,"column":67},"end":{"line":48,"column":1}}},"4":{"name":"(anonymous_5)","decl":{"start":{"line":50,"column":29},"end":{"line":50,"column":34}},"loc":{"start":{"line":50,"column":67},"end":{"line":62,"column":1}}}},"branchMap":{"0":{"loc":{"start":{"line":17,"column":4},"end":{"line":19,"column":5}},"type":"if","locations":[{"start":{"line":17,"column":4},"end":{"line":19,"column":5}}]},"1":{"loc":{"start":{"line":37,"column":4},"end":{"line":39,"column":5}},"type":"if","locations":[{"start":{"line":37,"column":4},"end":{"line":39,"column":5}}]},"2":{"loc":{"start":{"line":55,"column":4},"end":{"line":57,"column":5}},"type":"if","locations":[{"start":{"line":55,"column":4},"end":{"line":57,"column":5}}]}},"s":{"0":1,"1":1,"2":2,"3":2,"4":1,"5":1,"6":2,"7":2,"8":2,"9":1,"10":1,"11":1,"12":1,"13":1,"14":1,"15":1,"16":1,"17":2,"18":2,"19":2,"20":1,"21":1,"22":1,"23":1,"24":1,"25":1,"26":2,"27":2,"28":2,"29":1,"30":1,"31":1,"32":1},"f":{"0":2,"1":2,"2":1,"3":2,"4":2},"b":{"0":[1],"1":[1],"2":[1]}}
,"C:\\Users\\Gonza\\Desktop\\Programacion\\Curso Udemy React y TypeScript\\rest_api_node_server\\src\\middleware\\index.ts": {"path":"C:\\Users\\Gonza\\Desktop\\Programacion\\Curso Udemy React y TypeScript\\rest_api_node_server\\src\\middleware\\index.ts","statementMap":{"0":{"start":{"line":2,"column":0},"end":{"line":2,"column":53}},"1":{"start":{"line":4,"column":33},"end":{"line":11,"column":1}},"2":{"start":{"line":5,"column":17},"end":{"line":5,"column":38}},"3":{"start":{"line":6,"column":4},"end":{"line":8,"column":5}},"4":{"start":{"line":7,"column":8},"end":{"line":7,"column":null}},"5":{"start":{"line":10,"column":4},"end":{"line":10,"column":null}},"6":{"start":{"line":4,"column":13},"end":{"line":4,"column":33}}},"fnMap":{"0":{"name":"(anonymous_0)","decl":{"start":{"line":4,"column":33},"end":{"line":4,"column":34}},"loc":{"start":{"line":4,"column":83},"end":{"line":11,"column":1}}}},"branchMap":{"0":{"loc":{"start":{"line":6,"column":4},"end":{"line":8,"column":5}},"type":"if","locations":[{"start":{"line":6,"column":4},"end":{"line":8,"column":5}}]}},"s":{"0":1,"1":1,"2":16,"3":16,"4":9,"5":7,"6":1},"f":{"0":16},"b":{"0":[9]}}
,"C:\\Users\\Gonza\\Desktop\\Programacion\\Curso Udemy React y TypeScript\\rest_api_node_server\\src\\models\\Product.model.ts": {"path":"C:\\Users\\Gonza\\Desktop\\Programacion\\Curso Udemy React y TypeScript\\rest_api_node_server\\src\\models\\Product.model.ts","statementMap":{"0":{"start":{"line":1,"column":0},"end":{"line":1,"column":77}},"1":{"start":{"line":8,"column":0},"end":{"line":25,"column":null}},"2":{"start":{"line":12,"column":12},"end":{"line":12,"column":null}},"3":{"start":{"line":17,"column":12},"end":{"line":17,"column":null}},"4":{"start":{"line":23,"column":12},"end":{"line":23,"column":null}},"5":{"start":{"line":8,"column":6},"end":{"line":25,"column":null}},"6":{"start":{"line":27,"column":0},"end":{"line":27,"column":null}}},"fnMap":{},"branchMap":{},"s":{"0":1,"1":1,"2":1,"3":1,"4":1,"5":1,"6":1},"f":{},"b":{}}
}
