TN:
SF:src\routes.ts
FN:25,(anonymous_0)
FN:42,(anonymous_1)
FNF:2
FNH:2
FNDA:4,(anonymous_0)
FNDA:6,(anonymous_1)
DA:1,1
DA:2,1
DA:3,1
DA:4,1
DA:6,1
DA:9,1
DA:10,1
DA:17,1
DA:25,4
DA:31,1
DA:42,6
DA:51,1
DA:59,1
LF:13
LH:13
BRF:0
BRH:0
end_of_record
TN:
SF:src\server.ts
FN:8,connectDB
FNF:1
FNH:1
FNDA:1,connectDB
DA:1,1
DA:3,1
DA:4,1
DA:9,1
DA:10,1
DA:11,1
DA:22,1
DA:24,1
DA:27,1
DA:29,1
DA:32,1
LF:11
LH:11
BRF:0
BRH:0
end_of_record
TN:
SF:src\config\db.ts
FNF:0
FNH:0
DA:1,1
DA:2,1
DA:4,1
DA:6,1
DA:11,1
LF:5
LH:5
BRF:0
BRH:0
end_of_record
TN:
SF:src\handlers\product.ts
FN:5,(anonymous_1)
FN:13,(anonymous_2)
FN:26,(anonymous_3)
FN:32,(anonymous_4)
FN:50,(anonymous_5)
FNF:5
FNH:5
FNDA:2,(anonymous_1)
FNDA:2,(anonymous_2)
FNDA:1,(anonymous_3)
FNDA:2,(anonymous_4)
FNDA:2,(anonymous_5)
DA:2,1
DA:5,1
DA:6,2
DA:10,2
DA:13,1
DA:14,2
DA:15,2
DA:17,2
DA:18,1
DA:21,1
DA:26,1
DA:28,1
DA:29,1
DA:32,1
DA:34,2
DA:35,2
DA:37,2
DA:38,1
DA:42,1
DA:43,1
DA:46,1
DA:50,1
DA:52,2
DA:53,2
DA:55,2
DA:56,1
DA:59,1
DA:60,1
LF:28
LH:28
BRDA:17,0,0,1
BRDA:37,1,0,1
BRDA:55,2,0,1
BRF:3
BRH:3
end_of_record
TN:
SF:src\middleware\index.ts
FN:4,(anonymous_0)
FNF:1
FNH:1
FNDA:16,(anonymous_0)
DA:2,1
DA:4,1
DA:5,16
DA:6,16
DA:7,9
DA:10,7
LF:6
LH:6
BRDA:6,0,0,9
BRF:1
BRH:1
end_of_record
TN:
SF:src\models\Product.model.ts
FNF:0
FNH:0
DA:1,1
DA:8,1
DA:12,1
DA:17,1
DA:23,1
DA:27,1
LF:6
LH:6
BRF:0
BRH:0
end_of_record
